# JRE version: Java(TM) SE Runtime Environment (8.0_191-b12) (build 1.8.0_191-b12)
# Java VM: Java HotSpot(TM) 64-Bit Server VM (25.191-b12 mixed mode linux-amd64 compressed oops)
Heap:
 PSYoungGen      total 37888K, used 10896K [0x00000000d6780000, 0x00000000db180000, 0x0000000100000000)
  eden space 32768K, 33% used [0x00000000d6780000,0x00000000d72241e8,0x00000000d8780000)
  from space 5120K, 0% used [0x00000000dac80000,0x00000000dac80000,0x00000000db180000)
  to   space 5120K, 0% used [0x00000000d8780000,0x00000000d8780000,0x00000000d8c80000)
 ParOldGen       total 100864K, used 22592K [0x0000000083600000, 0x0000000089880000, 0x00000000d6780000)
  object space 100864K, 22% used [0x0000000083600000,0x0000000084c10318,0x0000000089880000)
 Metaspace       used 21014K, capacity 21262K, committed 21552K, reserved 1069056K
  class space    used 2501K, capacity 2583K, committed 2688K, reserved 1048576K
GC Heap History (6 events):
Event: 1,292 GC heap before
{Heap before GC invocations=1 (full 0):
 PSYoungGen      total 37888K, used 32768K [0x00000000d6780000, 0x00000000d9180000, 0x0000000100000000)
  eden space 32768K, 100% used [0x00000000d6780000,0x00000000d8780000,0x00000000d8780000)
  from space 5120K, 0% used [0x00000000d8c80000,0x00000000d8c80000,0x00000000d9180000)
  to   space 5120K, 0% used [0x00000000d8780000,0x00000000d8780000,0x00000000d8c80000)
 ParOldGen       total 86016K, used 0K [0x0000000083600000, 0x0000000088a00000, 0x00000000d6780000)
  object space 86016K, 0% used [0x0000000083600000,0x0000000083600000,0x0000000088a00000)
 Metaspace       used 17031K, capacity 17298K, committed 17536K, reserved 1064960K
  class space    used 2057K, capacity 2159K, committed 2176K, reserved 1048576K
Event: 1,306 GC heap after
Heap after GC invocations=1 (full 0):
 PSYoungGen      total 37888K, used 5091K [0x00000000d6780000, 0x00000000db180000, 0x0000000100000000)
  eden space 32768K, 0% used [0x00000000d6780000,0x00000000d6780000,0x00000000d8780000)
  from space 5120K, 99% used [0x00000000d8780000,0x00000000d8c78d28,0x00000000d8c80000)
  to   space 5120K, 0% used [0x00000000dac80000,0x00000000dac80000,0x00000000db180000)
 ParOldGen       total 86016K, used 885K [0x0000000083600000, 0x0000000088a00000, 0x00000000d6780000)
  object space 86016K, 1% used [0x0000000083600000,0x00000000836dd648,0x0000000088a00000)
 Metaspace       used 17031K, capacity 17298K, committed 17536K, reserved 1064960K
  class space    used 2057K, capacity 2159K, committed 2176K, reserved 1048576K
}
Event: 4,475 GC heap before
{Heap before GC invocations=2 (full 0):
 PSYoungGen      total 37888K, used 34217K [0x00000000d6780000, 0x00000000db180000, 0x0000000100000000)
  eden space 32768K, 88% used [0x00000000d6780000,0x00000000d83f18c0,0x00000000d8780000)
  from space 5120K, 99% used [0x00000000d8780000,0x00000000d8c78d28,0x00000000d8c80000)
  to   space 5120K, 0% used [0x00000000dac80000,0x00000000dac80000,0x00000000db180000)
 ParOldGen       total 86016K, used 885K [0x0000000083600000, 0x0000000088a00000, 0x00000000d6780000)
  object space 86016K, 1% used [0x0000000083600000,0x00000000836dd648,0x0000000088a00000)
 Metaspace       used 20801K, capacity 21006K, committed 21296K, reserved 1069056K
  class space    used 2500K, capacity 2583K, committed 2688K, reserved 1048576K
Event: 4,498 GC heap after
Heap after GC invocations=2 (full 0):
 PSYoungGen      total 37888K, used 5103K [0x00000000d6780000, 0x00000000db180000, 0x0000000100000000)
  eden space 32768K, 0% used [0x00000000d6780000,0x00000000d6780000,0x00000000d8780000)
  from space 5120K, 99% used [0x00000000dac80000,0x00000000db17be68,0x00000000db180000)
  to   space 5120K, 0% used [0x00000000d8780000,0x00000000d8780000,0x00000000d8c80000)
 ParOldGen       total 86016K, used 22257K [0x0000000083600000, 0x0000000088a00000, 0x00000000d6780000)
  object space 86016K, 25% used [0x0000000083600000,0x0000000084bbc468,0x0000000088a00000)
 Metaspace       used 20801K, capacity 21006K, committed 21296K, reserved 1069056K
  class space    used 2500K, capacity 2583K, committed 2688K, reserved 1048576K
}
Event: 4,498 GC heap before
{Heap before GC invocations=3 (full 1):
 PSYoungGen      total 37888K, used 5103K [0x00000000d6780000, 0x00000000db180000, 0x0000000100000000)
  eden space 32768K, 0% used [0x00000000d6780000,0x00000000d6780000,0x00000000d8780000)
  from space 5120K, 99% used [0x00000000dac80000,0x00000000db17be68,0x00000000db180000)
  to   space 5120K, 0% used [0x00000000d8780000,0x00000000d8780000,0x00000000d8c80000)
 ParOldGen       total 86016K, used 22257K [0x0000000083600000, 0x0000000088a00000, 0x00000000d6780000)
  object space 86016K, 25% used [0x0000000083600000,0x0000000084bbc468,0x0000000088a00000)
 Metaspace       used 20801K, capacity 21006K, committed 21296K, reserved 1069056K
  class space    used 2500K, capacity 2583K, committed 2688K, reserved 1048576K
Event: 4,549 GC heap after
Heap after GC invocations=3 (full 1):
 PSYoungGen      total 37888K, used 0K [0x00000000d6780000, 0x00000000db180000, 0x0000000100000000)
  eden space 32768K, 0% used [0x00000000d6780000,0x00000000d6780000,0x00000000d8780000)
  from space 5120K, 0% used [0x00000000dac80000,0x00000000dac80000,0x00000000db180000)
  to   space 5120K, 0% used [0x00000000d8780000,0x00000000d8780000,0x00000000d8c80000)
 ParOldGen       total 100864K, used 22592K [0x0000000083600000, 0x0000000089880000, 0x00000000d6780000)
  object space 100864K, 22% used [0x0000000083600000,0x0000000084c10318,0x0000000089880000)
 Metaspace       used 20801K, capacity 21006K, committed 21296K, reserved 1069056K
  class space    used 2500K, capacity 2583K, committed 2688K, reserved 1048576K
}

