# JRE version: Java(TM) SE Runtime Environment (8.0_191-b12) (build 1.8.0_191-b12)
# Java VM: Java HotSpot(TM) 64-Bit Server VM (25.191-b12 mixed mode linux-amd64 compressed oops)
Heap:
 PSYoungGen      total 37888K, used 14086K [0x00000000d6780000, 0x00000000db180000, 0x0000000100000000)
  eden space 32768K, 42% used [0x00000000d6780000,0x00000000d75419a8,0x00000000d8780000)
  from space 5120K, 0% used [0x00000000dac80000,0x00000000dac80000,0x00000000db180000)
  to   space 5120K, 0% used [0x00000000d8780000,0x00000000d8780000,0x00000000d8c80000)
 ParOldGen       total 113152K, used 23554K [0x0000000083600000, 0x000000008a480000, 0x00000000d6780000)
  object space 113152K, 20% used [0x0000000083600000,0x0000000084d00bd0,0x000000008a480000)
 Metaspace       used 21043K, capacity 21262K, committed 21552K, reserved 1069056K
  class space    used 2501K, capacity 2583K, committed 2688K, reserved 1048576K
GC Heap History (6 events):
Event: 1,340 GC heap before
{Heap before GC invocations=1 (full 0):
 PSYoungGen      total 37888K, used 32768K [0x00000000d6780000, 0x00000000d9180000, 0x0000000100000000)
  eden space 32768K, 100% used [0x00000000d6780000,0x00000000d8780000,0x00000000d8780000)
  from space 5120K, 0% used [0x00000000d8c80000,0x00000000d8c80000,0x00000000d9180000)
  to   space 5120K, 0% used [0x00000000d8780000,0x00000000d8780000,0x00000000d8c80000)
 ParOldGen       total 86016K, used 0K [0x0000000083600000, 0x0000000088a00000, 0x00000000d6780000)
  object space 86016K, 0% used [0x0000000083600000,0x0000000083600000,0x0000000088a00000)
 Metaspace       used 17031K, capacity 17298K, committed 17536K, reserved 1064960K
  class space    used 2057K, capacity 2159K, committed 2176K, reserved 1048576K
Event: 1,355 GC heap after
Heap after GC invocations=1 (full 0):
 PSYoungGen      total 37888K, used 5096K [0x00000000d6780000, 0x00000000db180000, 0x0000000100000000)
  eden space 32768K, 0% used [0x00000000d6780000,0x00000000d6780000,0x00000000d8780000)
  from space 5120K, 99% used [0x00000000d8780000,0x00000000d8c7a1d8,0x00000000d8c80000)
  to   space 5120K, 0% used [0x00000000dac80000,0x00000000dac80000,0x00000000db180000)
 ParOldGen       total 86016K, used 894K [0x0000000083600000, 0x0000000088a00000, 0x00000000d6780000)
  object space 86016K, 1% used [0x0000000083600000,0x00000000836dfa20,0x0000000088a00000)
 Metaspace       used 17031K, capacity 17298K, committed 17536K, reserved 1064960K
  class space    used 2057K, capacity 2159K, committed 2176K, reserved 1048576K
}
Event: 5,111 GC heap before
{Heap before GC invocations=2 (full 0):
 PSYoungGen      total 37888K, used 33473K [0x00000000d6780000, 0x00000000db180000, 0x0000000100000000)
  eden space 32768K, 86% used [0x00000000d6780000,0x00000000d8336308,0x00000000d8780000)
  from space 5120K, 99% used [0x00000000d8780000,0x00000000d8c7a1d8,0x00000000d8c80000)
  to   space 5120K, 0% used [0x00000000dac80000,0x00000000dac80000,0x00000000db180000)
 ParOldGen       total 86016K, used 894K [0x0000000083600000, 0x0000000088a00000, 0x00000000d6780000)
  object space 86016K, 1% used [0x0000000083600000,0x00000000836dfa20,0x0000000088a00000)
 Metaspace       used 20798K, capacity 21006K, committed 21296K, reserved 1069056K
  class space    used 2500K, capacity 2583K, committed 2688K, reserved 1048576K
Event: 5,130 GC heap after
Heap after GC invocations=2 (full 0):
 PSYoungGen      total 37888K, used 5118K [0x00000000d6780000, 0x00000000db180000, 0x0000000100000000)
  eden space 32768K, 0% used [0x00000000d6780000,0x00000000d6780000,0x00000000d8780000)
  from space 5120K, 99% used [0x00000000dac80000,0x00000000db17f968,0x00000000db180000)
  to   space 5120K, 0% used [0x00000000d8780000,0x00000000d8780000,0x00000000d8c80000)
 ParOldGen       total 86016K, used 30610K [0x0000000083600000, 0x0000000088a00000, 0x00000000d6780000)
  object space 86016K, 35% used [0x0000000083600000,0x00000000853e4998,0x0000000088a00000)
 Metaspace       used 20798K, capacity 21006K, committed 21296K, reserved 1069056K
  class space    used 2500K, capacity 2583K, committed 2688K, reserved 1048576K
}
Event: 5,130 GC heap before
{Heap before GC invocations=3 (full 1):
 PSYoungGen      total 37888K, used 5118K [0x00000000d6780000, 0x00000000db180000, 0x0000000100000000)
  eden space 32768K, 0% used [0x00000000d6780000,0x00000000d6780000,0x00000000d8780000)
  from space 5120K, 99% used [0x00000000dac80000,0x00000000db17f968,0x00000000db180000)
  to   space 5120K, 0% used [0x00000000d8780000,0x00000000d8780000,0x00000000d8c80000)
 ParOldGen       total 86016K, used 30610K [0x0000000083600000, 0x0000000088a00000, 0x00000000d6780000)
  object space 86016K, 35% used [0x0000000083600000,0x00000000853e4998,0x0000000088a00000)
 Metaspace       used 20798K, capacity 21006K, committed 21296K, reserved 1069056K
  class space    used 2500K, capacity 2583K, committed 2688K, reserved 1048576K
Event: 5,190 GC heap after
Heap after GC invocations=3 (full 1):
 PSYoungGen      total 37888K, used 0K [0x00000000d6780000, 0x00000000db180000, 0x0000000100000000)
  eden space 32768K, 0% used [0x00000000d6780000,0x00000000d6780000,0x00000000d8780000)
  from space 5120K, 0% used [0x00000000dac80000,0x00000000dac80000,0x00000000db180000)
  to   space 5120K, 0% used [0x00000000d8780000,0x00000000d8780000,0x00000000d8c80000)
 ParOldGen       total 113152K, used 23554K [0x0000000083600000, 0x000000008a480000, 0x00000000d6780000)
  object space 113152K, 20% used [0x0000000083600000,0x0000000084d00bd0,0x000000008a480000)
 Metaspace       used 20798K, capacity 21006K, committed 21296K, reserved 1069056K
  class space    used 2500K, capacity 2583K, committed 2688K, reserved 1048576K
}

