# JRE version: Java(TM) SE Runtime Environment (8.0_191-b12) (build 1.8.0_191-b12)
# Java VM: Java HotSpot(TM) 64-Bit Server VM (25.191-b12 mixed mode linux-amd64 compressed oops)
Heap:
 PSYoungGen      total 37888K, used 26587K [0x00000000d6780000, 0x00000000d9180000, 0x0000000100000000)
  eden space 32768K, 81% used [0x00000000d6780000,0x00000000d8176f28,0x00000000d8780000)
  from space 5120K, 0% used [0x00000000d8c80000,0x00000000d8c80000,0x00000000d9180000)
  to   space 5120K, 0% used [0x00000000d8780000,0x00000000d8780000,0x00000000d8c80000)
 ParOldGen       total 109568K, used 23583K [0x0000000083600000, 0x000000008a100000, 0x00000000d6780000)
  object space 109568K, 21% used [0x0000000083600000,0x0000000084d07c00,0x000000008a100000)
 Metaspace       used 21372K, capacity 21614K, committed 22064K, reserved 1069056K
  class space    used 2540K, capacity 2615K, committed 2688K, reserved 1048576K
GC Heap History (6 events):
Event: 1,287 GC heap before
{Heap before GC invocations=1 (full 0):
 PSYoungGen      total 37888K, used 32768K [0x00000000d6780000, 0x00000000d9180000, 0x0000000100000000)
  eden space 32768K, 100% used [0x00000000d6780000,0x00000000d8780000,0x00000000d8780000)
  from space 5120K, 0% used [0x00000000d8c80000,0x00000000d8c80000,0x00000000d9180000)
  to   space 5120K, 0% used [0x00000000d8780000,0x00000000d8780000,0x00000000d8c80000)
 ParOldGen       total 86016K, used 0K [0x0000000083600000, 0x0000000088a00000, 0x00000000d6780000)
  object space 86016K, 0% used [0x0000000083600000,0x0000000083600000,0x0000000088a00000)
 Metaspace       used 17065K, capacity 17298K, committed 17536K, reserved 1064960K
  class space    used 2058K, capacity 2159K, committed 2176K, reserved 1048576K
Event: 1,300 GC heap after
Heap after GC invocations=1 (full 0):
 PSYoungGen      total 37888K, used 5106K [0x00000000d6780000, 0x00000000d9180000, 0x0000000100000000)
  eden space 32768K, 0% used [0x00000000d6780000,0x00000000d6780000,0x00000000d8780000)
  from space 5120K, 99% used [0x00000000d8780000,0x00000000d8c7c9a0,0x00000000d8c80000)
  to   space 5120K, 0% used [0x00000000d8c80000,0x00000000d8c80000,0x00000000d9180000)
 ParOldGen       total 86016K, used 876K [0x0000000083600000, 0x0000000088a00000, 0x00000000d6780000)
  object space 86016K, 1% used [0x0000000083600000,0x00000000836db138,0x0000000088a00000)
 Metaspace       used 17065K, capacity 17298K, committed 17536K, reserved 1064960K
  class space    used 2058K, capacity 2159K, committed 2176K, reserved 1048576K
}
Event: 4,227 GC heap before
{Heap before GC invocations=2 (full 0):
 PSYoungGen      total 37888K, used 33319K [0x00000000d6780000, 0x00000000d9180000, 0x0000000100000000)
  eden space 32768K, 86% used [0x00000000d6780000,0x00000000d830d2a8,0x00000000d8780000)
  from space 5120K, 99% used [0x00000000d8780000,0x00000000d8c7c9a0,0x00000000d8c80000)
  to   space 5120K, 0% used [0x00000000d8c80000,0x00000000d8c80000,0x00000000d9180000)
 ParOldGen       total 86016K, used 876K [0x0000000083600000, 0x0000000088a00000, 0x00000000d6780000)
  object space 86016K, 1% used [0x0000000083600000,0x00000000836db138,0x0000000088a00000)
 Metaspace       used 20812K, capacity 21038K, committed 21296K, reserved 1069056K
  class space    used 2516K, capacity 2615K, committed 2688K, reserved 1048576K
Event: 4,249 GC heap after
Heap after GC invocations=2 (full 0):
 PSYoungGen      total 37888K, used 5089K [0x00000000d6780000, 0x00000000d9180000, 0x0000000100000000)
  eden space 32768K, 0% used [0x00000000d6780000,0x00000000d6780000,0x00000000d8780000)
  from space 5120K, 99% used [0x00000000d8c80000,0x00000000d9178658,0x00000000d9180000)
  to   space 5120K, 0% used [0x00000000d8780000,0x00000000d8780000,0x00000000d8c80000)
 ParOldGen       total 86016K, used 28948K [0x0000000083600000, 0x0000000088a00000, 0x00000000d6780000)
  object space 86016K, 33% used [0x0000000083600000,0x0000000085245140,0x0000000088a00000)
 Metaspace       used 20812K, capacity 21038K, committed 21296K, reserved 1069056K
  class space    used 2516K, capacity 2615K, committed 2688K, reserved 1048576K
}
Event: 4,249 GC heap before
{Heap before GC invocations=3 (full 1):
 PSYoungGen      total 37888K, used 5089K [0x00000000d6780000, 0x00000000d9180000, 0x0000000100000000)
  eden space 32768K, 0% used [0x00000000d6780000,0x00000000d6780000,0x00000000d8780000)
  from space 5120K, 99% used [0x00000000d8c80000,0x00000000d9178658,0x00000000d9180000)
  to   space 5120K, 0% used [0x00000000d8780000,0x00000000d8780000,0x00000000d8c80000)
 ParOldGen       total 86016K, used 28948K [0x0000000083600000, 0x0000000088a00000, 0x00000000d6780000)
  object space 86016K, 33% used [0x0000000083600000,0x0000000085245140,0x0000000088a00000)
 Metaspace       used 20812K, capacity 21038K, committed 21296K, reserved 1069056K
  class space    used 2516K, capacity 2615K, committed 2688K, reserved 1048576K
Event: 4,290 GC heap after
Heap after GC invocations=3 (full 1):
 PSYoungGen      total 37888K, used 0K [0x00000000d6780000, 0x00000000d9180000, 0x0000000100000000)
  eden space 32768K, 0% used [0x00000000d6780000,0x00000000d6780000,0x00000000d8780000)
  from space 5120K, 0% used [0x00000000d8c80000,0x00000000d8c80000,0x00000000d9180000)
  to   space 5120K, 0% used [0x00000000d8780000,0x00000000d8780000,0x00000000d8c80000)
 ParOldGen       total 109568K, used 23583K [0x0000000083600000, 0x000000008a100000, 0x00000000d6780000)
  object space 109568K, 21% used [0x0000000083600000,0x0000000084d07c00,0x000000008a100000)
 Metaspace       used 20812K, capacity 21038K, committed 21296K, reserved 1069056K
  class space    used 2516K, capacity 2615K, committed 2688K, reserved 1048576K
}

